f:\final project\final project\final_project\final_project\debug\vc141.pdb
f:\final project\final project\final_project\final_project\debug\vc141.idb
f:\final project\final project\final_project\final_project\debug\main.obj
f:\final project\final project\final_project\final_project\debug\wall.obj
f:\final project\final project\final_project\final_project\debug\game.obj
f:\final project\final project\final_project\final_project\debug\enemystatemachine.obj
f:\final project\final project\final_project\final_project\debug\player.obj
f:\final project\final project\final_project\final_project\debug\enemydetection.obj
f:\final project\final project\final_project\final_project\debug\enemy.obj
f:\final project\final project\final_project\final_project\debug\astar.obj
f:\final project\final project\final_project\final_project\debug\neighbour.obj
f:\final project\final project\final_project\final_project\debug\node.obj
f:\final project\final project\final_project\final_project\debug\key.obj
f:\final project\final project\final_project\final_project\debug\hider.obj
f:\final project\final project\final_project\final_project\debug\door.obj
f:\final project\final project\final_project\final_project\debug\background.obj
f:\final project\final project\final_project\final_project\debug\aimap.obj
f:\final project\final project\final_project\debug\final_project.exe
f:\final project\final project\final_project\debug\final_project.ilk
f:\final project\final project\final_project\debug\final_project.pdb
f:\final project\final project\final_project\final_project\debug\actor.obj
f:\final project\final project\final_project\final_project\debug\gameobject.obj
f:\final project\final project\final_project\final_project\debug\enemy.obj.enc
f:\final project\final project\final_project\final_project\debug\enemystatemachine.obj.enc
f:\final project\final project\final_project\final_project\debug\main.obj.enc
f:\final project\final project\final_project\final_project\debug\player.obj.enc
f:\final project\final project\final_project\final_project\debug\final_project.tlog\cl.command.1.tlog
f:\final project\final project\final_project\final_project\debug\final_project.tlog\link.command.1.tlog
f:\final project\final project\final_project\final_project\debug\final_project.tlog\cl.read.1.tlog
f:\final project\final project\final_project\final_project\debug\final_project.tlog\link.read.1.tlog
f:\final project\final project\final_project\final_project\debug\final_project.tlog\cl.write.1.tlog
f:\final project\final project\final_project\final_project\debug\final_project.tlog\link.write.1.tlog
